<?xml version="1.0" encoding="UTF-8"?>
<!-- Generated by org.testng.reporters.JUnitXMLReporter -->
<testsuite ignored="0" hostname="LAPTOP-2AVP4BQP" failures="0" tests="5" name="Test" time="38.001" errors="0" timestamp="2023-08-30T16:03:06 IST">
  <testcase classname="Testing.BeforeClassPractice" name="Flipkartflights" time="4.363"/>
  <testcase classname="Testing.BeforeClassPractice" name="FlipkartFurniture" time="4.163"/>
  <testcase classname="Testing.BeforeMethodPractice" name="MyntraSearch" time="2.216"/>
  <testcase classname="Testing.BeforeMethodPractice" name="Myntra" time="2.182"/>
  <testcase classname="Testing.BeforeMethodPractice" name="Myntrawomen" time="2.179"/>
</testsuite> <!-- Test -->
