<?xml version="1.0" encoding="UTF-8"?>
<!-- Generated by org.testng.reporters.JUnitXMLReporter -->
<testsuite ignored="0" hostname="LAPTOP-2AVP4BQP" failures="0" tests="5" name="Default test" time="42.84" errors="0" timestamp="2023-08-30T15:49:18 IST">
  <testcase classname="Testing.BeforeClassPractice" name="Flipkartflights" time="4.364"/>
  <testcase classname="Testing.BeforeClassPractice" name="FlipkartFurniture" time="4.159"/>
  <testcase classname="Testing.BeforeMethodPractice" name="MyntraSearch" time="2.191"/>
  <testcase classname="Testing.BeforeMethodPractice" name="Myntra" time="2.174"/>
  <testcase classname="Testing.BeforeMethodPractice" name="Myntrawomen" time="2.165"/>
</testsuite> <!-- Default test -->
